2022-12-25 22:33:02,833 django.utils.autoreload INFO     Watching for file changes with StatReloader
2022-12-25 22:33:14,742 django.utils.autoreload INFO     Watching for file changes with StatReloader
2022-12-27 12:27:34,882 django.utils.autoreload INFO     Watching for file changes with StatReloader
2022-12-27 12:28:28,275 django.server INFO     "GET /admin/django_celery_beat/periodictask/ HTTP/1.1" 302 0
2022-12-27 12:28:28,344 django.server INFO     "GET /admin/login/?next=/admin/django_celery_beat/periodictask/ HTTP/1.1" 200 2286
2022-12-27 12:28:30,044 django.server INFO     "POST /admin/login/?next=/admin/django_celery_beat/periodictask/ HTTP/1.1" 302 0
2022-12-27 12:28:30,132 django.server INFO     "GET /admin/django_celery_beat/periodictask/ HTTP/1.1" 200 13304
2022-12-27 12:28:30,282 django.server INFO     "GET /admin/jsi18n/ HTTP/1.1" 200 3343
2022-12-27 12:28:32,045 django.server INFO     "GET /admin/django_celery_beat/intervalschedule/ HTTP/1.1" 200 7457
2022-12-27 12:28:32,131 django.server INFO     "GET /admin/jsi18n/ HTTP/1.1" 200 3343
2022-12-27 12:28:33,788 django.server INFO     "GET /admin/django_celery_beat/intervalschedule/add/ HTTP/1.1" 200 9229
2022-12-27 12:28:33,892 django.server INFO     "GET /admin/jsi18n/ HTTP/1.1" 200 3343
2022-12-27 12:28:43,513 django.server INFO     "POST /admin/django_celery_beat/intervalschedule/add/ HTTP/1.1" 302 0
2022-12-27 12:28:43,543 django.server INFO     "GET /admin/django_celery_beat/intervalschedule/ HTTP/1.1" 200 8873
2022-12-27 12:28:43,689 django.server INFO     "GET /admin/jsi18n/ HTTP/1.1" 200 3343
2022-12-27 12:28:44,967 django.server INFO     "GET /admin/django_celery_beat/periodictask/ HTTP/1.1" 200 13304
2022-12-27 12:28:45,063 django.server INFO     "GET /admin/jsi18n/ HTTP/1.1" 200 3343
2022-12-27 12:28:47,083 django.server INFO     "GET /admin/django_celery_beat/periodictask/add/ HTTP/1.1" 200 27566
2022-12-27 12:28:47,210 django.server INFO     "GET /admin/jsi18n/ HTTP/1.1" 200 3343
2022-12-27 12:29:12,927 django.server INFO     "POST /admin/django_celery_beat/periodictask/add/ HTTP/1.1" 200 27907
2022-12-27 12:29:13,026 django.server INFO     "GET /admin/jsi18n/ HTTP/1.1" 200 3343
2022-12-27 12:29:22,754 django.server INFO     "POST /admin/django_celery_beat/periodictask/add/ HTTP/1.1" 200 27800
2022-12-27 12:29:22,841 django.server INFO     "GET /admin/jsi18n/ HTTP/1.1" 200 3343
2022-12-27 12:30:03,176 django.server INFO     "POST /admin/django_celery_beat/periodictask/add/ HTTP/1.1" 302 0
2022-12-27 12:30:03,227 django.server INFO     "GET /admin/django_celery_beat/periodictask/ HTTP/1.1" 200 14194
2022-12-27 12:30:03,410 django.server INFO     "GET /admin/jsi18n/ HTTP/1.1" 200 3343
2022-12-27 12:30:46,004 django.server INFO     "GET /admin/django_celery_beat/periodictask/2/change/ HTTP/1.1" 200 27938
2022-12-27 12:30:46,120 django.server INFO     "GET /admin/jsi18n/ HTTP/1.1" 200 3343
2022-12-27 12:30:52,014 django.server INFO     "GET /admin/django_celery_beat/intervalschedule/1/change/?_to_field=id&_popup=1 HTTP/1.1" 200 4110
2022-12-27 12:30:52,172 django.server INFO     "GET /admin/jsi18n/ HTTP/1.1" 200 3343
2022-12-27 12:31:10,939 django.server INFO     "POST /admin/django_celery_beat/intervalschedule/1/change/?_to_field=id&_popup=1 HTTP/1.1" 200 414
2022-12-27 12:31:11,013 django.server INFO     "GET /static/admin/js/popup_response.js HTTP/1.1" 200 551
2022-12-27 12:31:47,086 django.server INFO     "GET /admin/django_celery_beat/intervalschedule/1/change/ HTTP/1.1" 200 9537
2022-12-27 12:31:47,180 django.server INFO     "GET /admin/jsi18n/ HTTP/1.1" 200 3343
2022-12-27 12:31:53,340 django.server INFO     "POST /admin/django_celery_beat/intervalschedule/1/change/ HTTP/1.1" 302 0
2022-12-27 12:31:53,371 django.server INFO     "GET /admin/django_celery_beat/intervalschedule/ HTTP/1.1" 200 8875
2022-12-27 12:31:53,523 django.server INFO     "GET /admin/jsi18n/ HTTP/1.1" 200 3343
2022-12-27 12:33:05,413 django.server INFO     "POST /admin/django_celery_beat/periodictask/2/change/ HTTP/1.1" 302 0
2022-12-27 12:33:05,465 django.server INFO     "GET /admin/django_celery_beat/periodictask/ HTTP/1.1" 200 14220
2022-12-27 12:33:05,623 django.server INFO     "GET /admin/jsi18n/ HTTP/1.1" 200 3343
2022-12-27 12:33:31,639 django.server INFO     "GET /admin/django_celery_beat/intervalschedule/1/change/ HTTP/1.1" 200 9541
2022-12-27 12:33:31,758 django.server INFO     "GET /admin/jsi18n/ HTTP/1.1" 200 3343
2022-12-27 12:33:35,151 django.server INFO     "GET /admin/django_celery_beat/periodictask/2/change/ HTTP/1.1" 200 27962
2022-12-27 12:33:35,277 django.server INFO     "GET /admin/jsi18n/ HTTP/1.1" 200 3343
2022-12-27 12:33:45,238 django.server INFO     "POST /admin/django_celery_beat/intervalschedule/1/change/ HTTP/1.1" 302 0
2022-12-27 12:33:45,269 django.server INFO     "GET /admin/django_celery_beat/intervalschedule/ HTTP/1.1" 200 8873
2022-12-27 12:33:45,467 django.server INFO     "GET /admin/jsi18n/ HTTP/1.1" 200 3343
2022-12-27 12:34:12,288 django.server INFO     "GET /admin/django_celery_beat/intervalschedule/1/change/ HTTP/1.1" 200 9537
2022-12-27 12:34:12,421 django.server INFO     "GET /admin/jsi18n/ HTTP/1.1" 200 3343
2022-12-27 12:34:16,610 django.server INFO     "POST /admin/django_celery_beat/intervalschedule/1/change/ HTTP/1.1" 302 0
2022-12-27 12:34:16,644 django.server INFO     "GET /admin/django_celery_beat/intervalschedule/ HTTP/1.1" 200 8873
2022-12-27 12:34:16,784 django.server INFO     "GET /admin/jsi18n/ HTTP/1.1" 200 3343
2022-12-27 12:34:19,691 django.server INFO     "GET /admin/django_celery_beat/periodictask/2/change/ HTTP/1.1" 200 27958
2022-12-27 12:34:19,806 django.server INFO     "GET /admin/jsi18n/ HTTP/1.1" 200 3343
2022-12-27 12:34:20,931 django.server INFO     "GET /admin/django_celery_beat/periodictask/2/change/ HTTP/1.1" 200 27958
2022-12-27 12:34:21,016 django.server INFO     "GET /admin/jsi18n/ HTTP/1.1" 200 3343
2022-12-27 12:34:56,740 django.server INFO     "GET /admin/django_celery_beat/intervalschedule/1/change/ HTTP/1.1" 200 9537
2022-12-27 12:34:56,853 django.server INFO     "GET /admin/jsi18n/ HTTP/1.1" 200 3343
2022-12-27 12:35:12,565 django.server INFO     "GET /admin/django_celery_beat/intervalschedule/ HTTP/1.1" 200 8639
2022-12-27 12:35:14,651 django.server INFO     "GET /admin/django_celery_beat/intervalschedule/1/change/ HTTP/1.1" 200 9537
2022-12-27 12:35:14,766 django.server INFO     "GET /admin/jsi18n/ HTTP/1.1" 200 3343
2022-12-27 12:35:19,283 django.server INFO     "POST /admin/django_celery_beat/intervalschedule/1/change/ HTTP/1.1" 302 0
2022-12-27 12:35:19,321 django.server INFO     "GET /admin/django_celery_beat/intervalschedule/ HTTP/1.1" 200 8873
2022-12-27 12:35:19,467 django.server INFO     "GET /admin/jsi18n/ HTTP/1.1" 200 3343
2022-12-27 12:36:14,576 django.server INFO     "GET /admin/django_celery_beat/periodictask/2/change/ HTTP/1.1" 200 27958
2022-12-27 12:36:14,696 django.server INFO     "GET /admin/jsi18n/ HTTP/1.1" 200 3343
2022-12-27 12:36:16,825 django.server INFO     "POST /admin/django_celery_beat/periodictask/2/change/ HTTP/1.1" 302 0
2022-12-27 12:36:16,873 django.server INFO     "GET /admin/django_celery_beat/periodictask/ HTTP/1.1" 200 14217
2022-12-27 12:36:17,015 django.server INFO     "GET /admin/jsi18n/ HTTP/1.1" 200 3343
2022-12-27 12:36:49,438 django.server INFO     "GET /admin/django_celery_beat/intervalschedule/1/change/ HTTP/1.1" 200 9537
2022-12-27 12:36:49,533 django.server INFO     "GET /admin/jsi18n/ HTTP/1.1" 200 3343
2022-12-27 12:36:54,078 django.server INFO     "POST /admin/django_celery_beat/intervalschedule/1/change/ HTTP/1.1" 302 0
2022-12-27 12:36:54,112 django.server INFO     "GET /admin/django_celery_beat/intervalschedule/ HTTP/1.1" 200 8875
2022-12-27 12:36:54,264 django.server INFO     "GET /admin/jsi18n/ HTTP/1.1" 200 3343
2022-12-27 12:36:57,360 django.server INFO     "GET /admin/django_celery_beat/periodictask/ HTTP/1.1" 200 13975
2022-12-27 12:36:57,445 django.server INFO     "GET /admin/jsi18n/ HTTP/1.1" 200 3343
2022-12-27 12:36:58,960 django.server INFO     "GET /admin/django_celery_beat/periodictask/2/change/ HTTP/1.1" 200 27962
2022-12-27 12:36:59,081 django.server INFO     "GET /admin/jsi18n/ HTTP/1.1" 200 3343
2022-12-27 12:37:01,420 django.server INFO     "GET /admin/django_celery_beat/periodictask/ HTTP/1.1" 200 13975
2022-12-27 12:44:56,498 django.server INFO     "GET /admin/django_celery_beat/periodictask/ HTTP/1.1" 200 13975
2022-12-27 12:44:56,627 django.server INFO     "GET /admin/jsi18n/ HTTP/1.1" 200 3343
2022-12-27 12:44:56,894 django.server INFO     "GET /admin/django_celery_beat/periodictask/ HTTP/1.1" 200 13975
2022-12-27 12:44:57,050 django.server INFO     "GET /admin/jsi18n/ HTTP/1.1" 200 3343
2022-12-27 12:44:59,182 django.server INFO     "GET /admin/django_celery_beat/intervalschedule/ HTTP/1.1" 200 8640
2022-12-27 12:44:59,282 django.server INFO     "GET /admin/jsi18n/ HTTP/1.1" 200 3343
2022-12-27 12:45:36,046 django.server INFO     "GET /admin/django_celery_beat/periodictask/2/change/ HTTP/1.1" 200 27962
2022-12-27 12:45:36,155 django.server INFO     "GET /admin/jsi18n/ HTTP/1.1" 200 3343
2022-12-27 12:46:26,353 django.server INFO     "GET /admin/django_celery_beat/intervalschedule/1/change/ HTTP/1.1" 200 9541
2022-12-27 12:46:26,461 django.server INFO     "GET /admin/jsi18n/ HTTP/1.1" 200 3343
2022-12-27 12:46:30,135 django.server INFO     "POST /admin/django_celery_beat/intervalschedule/1/change/ HTTP/1.1" 302 0
2022-12-27 12:46:30,168 django.server INFO     "GET /admin/django_celery_beat/intervalschedule/ HTTP/1.1" 200 8873
2022-12-27 12:46:30,322 django.server INFO     "GET /admin/jsi18n/ HTTP/1.1" 200 3343
2022-12-27 12:47:43,733 django.server INFO     "POST /admin/django_celery_beat/periodictask/2/change/ HTTP/1.1" 302 0
2022-12-27 12:47:43,781 django.server INFO     "GET /admin/django_celery_beat/periodictask/ HTTP/1.1" 200 14217
2022-12-27 12:47:43,940 django.server INFO     "GET /admin/jsi18n/ HTTP/1.1" 200 3343
2022-12-27 12:48:44,542 django.server INFO     "GET /admin/django_celery_beat/periodictask/ HTTP/1.1" 200 13973
2022-12-27 12:48:44,692 django.server INFO     "GET /admin/jsi18n/ HTTP/1.1" 200 3343
2022-12-27 12:54:20,012 django.server INFO     "GET /admin/django_celery_beat/periodictask/2/change/ HTTP/1.1" 200 27968
2022-12-27 12:54:20,307 django.server INFO     "GET /admin/jsi18n/ HTTP/1.1" 200 3343
2022-12-27 13:27:43,096 django.utils.autoreload INFO     /home/leader/devs/news-parsers/parsers/scrapers/championatasia.py changed, reloading.
2022-12-27 13:27:44,371 django.utils.autoreload INFO     Watching for file changes with StatReloader
2022-12-28 09:43:31,742 django.utils.autoreload INFO     Watching for file changes with StatReloader
2022-12-29 14:56:30,486 django.utils.autoreload INFO     Watching for file changes with StatReloader
2022-12-29 14:56:40,269 django.server INFO     "GET /admin/ HTTP/1.1" 200 10258
2022-12-29 14:56:40,577 django.server INFO     "GET /static/admin/css/base.css HTTP/1.1" 200 20344
2022-12-29 14:56:40,579 django.server INFO     "GET /static/admin/css/responsive.css HTTP/1.1" 200 18854
2022-12-29 14:56:40,958 django.server INFO     "GET /static/admin/fonts/Roboto-Light-webfont.woff HTTP/1.1" 200 85692
2022-12-29 14:56:40,974 django.server INFO     "GET /static/admin/fonts/Roboto-Bold-webfont.woff HTTP/1.1" 200 86184
2022-12-29 14:56:40,993 django.server INFO     "GET /static/admin/fonts/Roboto-Regular-webfont.woff HTTP/1.1" 200 85876
2022-12-29 14:56:41,156 django.request WARNING  Not Found: /favicon.ico
2022-12-29 14:56:41,157 django.server WARNING  "GET /favicon.ico HTTP/1.1" 404 2108
2022-12-29 14:56:46,460 django.server INFO     "GET /admin/django_celery_beat/intervalschedule/ HTTP/1.1" 200 8639
2022-12-29 14:56:46,635 django.server INFO     "GET /static/admin/css/changelists.css HTTP/1.1" 200 6395
2022-12-29 14:56:46,652 django.server INFO     "GET /admin/jsi18n/ HTTP/1.1" 200 3343
2022-12-29 14:56:46,665 django.server INFO     "GET /static/admin/js/vendor/jquery/jquery.js HTTP/1.1" 200 288580
2022-12-29 14:56:46,704 django.server INFO     "GET /static/admin/js/core.js HTTP/1.1" 200 5698
2022-12-29 14:56:46,730 django.server INFO     "GET /static/admin/js/admin/RelatedObjectLookups.js HTTP/1.1" 200 8985
2022-12-29 14:56:46,737 django.server INFO     "GET /static/admin/js/actions.js HTTP/1.1" 200 7872
2022-12-29 14:56:46,756 django.server INFO     "GET /static/admin/js/urlify.js HTTP/1.1" 200 7902
2022-12-29 14:56:46,811 django.server INFO     "GET /static/admin/js/vendor/xregexp/xregexp.js HTTP/1.1" 200 232381
2022-12-29 14:56:50,541 django.server INFO     "GET /admin/django_celery_beat/periodictask/ HTTP/1.1" 200 13972
2022-12-29 14:56:50,755 django.server INFO     "GET /admin/jsi18n/ HTTP/1.1" 200 3343
2022-12-29 15:01:17,159 django.server INFO     "GET /admin/django_celery_beat/intervalschedule/ HTTP/1.1" 200 8639
2022-12-29 15:01:17,254 django.server INFO     "GET /admin/jsi18n/ HTTP/1.1" 200 3343
2022-12-29 15:01:27,808 django.server INFO     "GET /admin/django_celery_beat/intervalschedule/1/change/ HTTP/1.1" 200 9537
2022-12-29 15:01:27,919 django.server INFO     "GET /static/admin/css/forms.css HTTP/1.1" 200 8944
2022-12-29 15:01:27,925 django.server INFO     "GET /admin/jsi18n/ HTTP/1.1" 200 3343
2022-12-29 15:01:27,963 django.server INFO     "GET /static/admin/css/widgets.css HTTP/1.1" 200 11297
2022-12-29 15:01:35,250 django.server INFO     "POST /admin/django_celery_beat/intervalschedule/1/change/ HTTP/1.1" 302 0
2022-12-29 15:01:35,287 django.server INFO     "GET /admin/django_celery_beat/intervalschedule/ HTTP/1.1" 200 8871
2022-12-29 15:01:35,427 django.server INFO     "GET /admin/jsi18n/ HTTP/1.1" 200 3343
2022-12-29 15:01:56,770 django.server INFO     "GET /admin/django_celery_beat/periodictask/2/change/ HTTP/1.1" 200 27963
2022-12-29 15:01:56,894 django.server INFO     "GET /static/admin/js/calendar.js HTTP/1.1" 200 8466
2022-12-29 15:01:56,897 django.server INFO     "GET /static/admin/js/admin/DateTimeShortcuts.js HTTP/1.1" 200 19379
2022-12-29 15:01:56,905 django.server INFO     "GET /admin/jsi18n/ HTTP/1.1" 200 3343
2022-12-29 15:01:59,130 django.server INFO     "GET /admin/django_celery_beat/periodictask/2/change/ HTTP/1.1" 200 27963
2022-12-29 15:01:59,216 django.server INFO     "GET /admin/jsi18n/ HTTP/1.1" 200 3343
2022-12-29 15:02:21,555 django.server INFO     "POST /admin/django_celery_beat/periodictask/2/change/ HTTP/1.1" 302 0
2022-12-29 15:02:21,633 django.server INFO     "GET /admin/django_celery_beat/periodictask/ HTTP/1.1" 200 14213
2022-12-29 15:02:21,813 django.server INFO     "GET /admin/jsi18n/ HTTP/1.1" 200 3343
2023-01-17 18:17:13,342 django.utils.autoreload INFO     Watching for file changes with StatReloader
2023-01-17 18:17:18,782 django.server INFO     "GET /admin/ HTTP/1.1" 302 0
2023-01-17 18:17:18,815 django.server INFO     "GET /admin/login/?next=/admin/ HTTP/1.1" 200 2222
2023-01-17 18:17:19,000 django.server INFO     "GET /static/admin/css/base.css HTTP/1.1" 200 20344
2023-01-17 18:17:19,001 django.server INFO     "GET /static/admin/css/responsive.css HTTP/1.1" 200 18854
2023-01-17 18:17:19,001 django.server INFO     "GET /static/admin/css/dark_mode.css HTTP/1.1" 200 796
2023-01-17 18:17:19,002 django.server INFO     "GET /static/admin/css/nav_sidebar.css HTTP/1.1" 200 2619
2023-01-17 18:17:19,003 django.server INFO     "GET /static/admin/css/login.css HTTP/1.1" 200 958
2023-01-17 18:17:19,032 django.server INFO     "GET /static/admin/js/nav_sidebar.js HTTP/1.1" 200 3763
2023-01-17 18:17:19,036 django.server INFO     "GET /static/admin/css/fonts.css HTTP/1.1" 200 423
2023-01-17 18:17:19,158 django.server INFO     "GET /static/admin/fonts/Roboto-Regular-webfont.woff HTTP/1.1" 200 85876
2023-01-17 18:17:19,163 django.server INFO     "GET /static/admin/fonts/Roboto-Light-webfont.woff HTTP/1.1" 200 85692
2023-01-17 18:17:19,249 django.request WARNING  Not Found: /favicon.ico
2023-01-17 18:17:19,250 django.server WARNING  "GET /favicon.ico HTTP/1.1" 404 2108
2023-01-17 18:17:33,628 django.server INFO     "POST /admin/login/?next=/admin/ HTTP/1.1" 200 2384
2023-01-17 18:17:33,721 django.server INFO     "GET /static/admin/fonts/Roboto-Bold-webfont.woff HTTP/1.1" 200 86184
2023-01-17 18:17:36,619 django.server INFO     "POST /admin/login/?next=/admin/ HTTP/1.1" 302 0
2023-01-17 18:17:36,652 django.server INFO     "GET /admin/ HTTP/1.1" 200 6982
2023-01-17 18:17:36,727 django.security.csrf WARNING  Forbidden (CSRF token from POST incorrect.): /admin/login/
2023-01-17 18:17:36,728 django.server WARNING  "POST /admin/login/?next=/admin/ HTTP/1.1" 403 2518
2023-01-17 18:17:39,970 django.security.csrf WARNING  Forbidden (CSRF token from POST incorrect.): /admin/login/
2023-01-17 18:17:39,971 django.server WARNING  "POST /admin/login/?next=/admin/ HTTP/1.1" 403 2518
2023-01-17 18:17:40,053 django.request WARNING  Not Found: /favicon.ico
2023-01-17 18:17:40,054 django.server WARNING  "GET /favicon.ico HTTP/1.1" 404 2108
2023-01-17 18:17:41,376 django.security.csrf WARNING  Forbidden (CSRF token from POST incorrect.): /admin/login/
2023-01-17 18:17:41,376 django.server WARNING  "POST /admin/login/?next=/admin/ HTTP/1.1" 403 2518
2023-01-17 18:17:41,458 django.request WARNING  Not Found: /favicon.ico
2023-01-17 18:17:41,459 django.server WARNING  "GET /favicon.ico HTTP/1.1" 404 2108
2023-01-17 18:18:01,436 django.utils.autoreload INFO     Watching for file changes with StatReloader
2023-01-17 18:18:03,301 django.security.csrf WARNING  Forbidden (CSRF token from POST incorrect.): /admin/login/
2023-01-17 18:18:03,302 django.server WARNING  "POST /admin/login/?next=/admin/ HTTP/1.1" 403 2518
2023-01-17 18:18:03,390 django.request WARNING  Not Found: /favicon.ico
2023-01-17 18:18:03,390 django.server WARNING  "GET /favicon.ico HTTP/1.1" 404 2108
2023-01-17 18:18:07,601 django.server INFO     "GET /admin/ HTTP/1.1" 200 6982
2023-01-17 18:18:07,692 django.server INFO     "GET /static/admin/css/dashboard.css HTTP/1.1" 200 380
2023-01-17 18:18:07,762 django.server INFO     "GET /static/admin/img/icon-addlink.svg HTTP/1.1" 200 331
2023-01-17 18:18:07,767 django.server INFO     "GET /static/admin/img/icon-changelink.svg HTTP/1.1" 200 380
2023-01-17 18:18:12,528 django.server INFO     "GET /admin/parsers/newslinks/ HTTP/1.1" 200 7413
2023-01-17 18:18:12,598 django.server INFO     "GET /static/admin/css/changelists.css HTTP/1.1" 200 6395
2023-01-17 18:18:12,599 django.server INFO     "GET /static/admin/js/vendor/jquery/jquery.js HTTP/1.1" 200 288580
2023-01-17 18:18:12,612 django.server INFO     "GET /static/admin/js/jquery.init.js HTTP/1.1" 200 347
2023-01-17 18:18:12,614 django.server INFO     "GET /static/admin/js/vendor/xregexp/xregexp.js HTTP/1.1" 200 232381
2023-01-17 18:18:12,618 django.server INFO     "GET /static/admin/js/core.js HTTP/1.1" 200 5698
2023-01-17 18:18:12,623 django.server INFO     "GET /admin/jsi18n/ HTTP/1.1" 200 3343
2023-01-17 18:18:12,626 django.server INFO     "GET /static/admin/js/admin/RelatedObjectLookups.js HTTP/1.1" 200 8985
2023-01-17 18:18:12,637 django.server INFO     "GET /static/admin/js/actions.js HTTP/1.1" 200 7872
2023-01-17 18:18:12,646 django.server INFO     "GET /static/admin/js/urlify.js HTTP/1.1" 200 7902
2023-01-17 18:18:12,659 django.server INFO     "GET /static/admin/js/prepopulate.js HTTP/1.1" 200 1531
2023-01-17 18:18:12,706 django.server INFO     "GET /static/admin/js/filters.js HTTP/1.1" 200 966
2023-01-17 18:18:12,734 django.server INFO     "GET /static/admin/img/tooltag-add.svg HTTP/1.1" 200 331
2023-01-17 18:18:15,077 django.server INFO     "GET /admin/parsers/newslinks/add/ HTTP/1.1" 200 12529
2023-01-17 18:18:15,141 django.server INFO     "GET /static/admin/css/forms.css HTTP/1.1" 200 8944
2023-01-17 18:18:15,160 django.server INFO     "GET /static/admin/js/calendar.js HTTP/1.1" 200 8466
2023-01-17 18:18:15,160 django.server INFO     "GET /static/admin/js/admin/DateTimeShortcuts.js HTTP/1.1" 200 19379
2023-01-17 18:18:15,161 django.server INFO     "GET /static/admin/js/prepopulate_init.js HTTP/1.1" 200 586
2023-01-17 18:18:15,165 django.server INFO     "GET /admin/jsi18n/ HTTP/1.1" 200 3343
2023-01-17 18:18:15,192 django.server INFO     "GET /static/admin/css/widgets.css HTTP/1.1" 200 11297
2023-01-17 18:18:15,196 django.server INFO     "GET /static/admin/js/change_form.js HTTP/1.1" 200 606
2023-01-17 18:18:15,312 django.server INFO     "GET /static/admin/img/icon-calendar.svg HTTP/1.1" 200 1086
2023-01-17 18:18:15,320 django.server INFO     "GET /static/admin/img/icon-clock.svg HTTP/1.1" 200 677
2023-01-17 18:18:17,361 django.server INFO     "GET /admin/parsers/newslinks/ HTTP/1.1" 200 7413
2023-01-17 18:20:03,098 django.server INFO     "GET /admin/parsers/newslinks/add/ HTTP/1.1" 200 12529
2023-01-17 18:20:03,194 django.server INFO     "GET /admin/jsi18n/ HTTP/1.1" 200 3343
2023-01-17 18:20:04,575 django.server INFO     "GET /admin/parsers/newslinks/ HTTP/1.1" 200 7413
2023-01-17 18:20:20,140 django.server INFO     "GET /admin/django_celery_beat/intervalschedule/ HTTP/1.1" 200 7457
2023-01-17 18:20:20,236 django.server INFO     "GET /admin/jsi18n/ HTTP/1.1" 200 3343
2023-01-17 18:20:22,844 django.server INFO     "GET /admin/django_celery_beat/intervalschedule/add/ HTTP/1.1" 200 9229
2023-01-17 18:20:22,919 django.server INFO     "GET /admin/jsi18n/ HTTP/1.1" 200 3343
2023-01-17 18:20:35,190 django.server INFO     "POST /admin/django_celery_beat/intervalschedule/add/ HTTP/1.1" 302 0
2023-01-17 18:20:35,237 django.server INFO     "GET /admin/django_celery_beat/intervalschedule/ HTTP/1.1" 200 8871
2023-01-17 18:20:35,396 django.server INFO     "GET /admin/jsi18n/ HTTP/1.1" 200 3343
2023-01-17 18:20:35,520 django.server INFO     "GET /static/admin/img/icon-yes.svg HTTP/1.1" 200 436
2023-01-17 18:20:37,305 django.server INFO     "GET /admin/django_celery_beat/periodictask/ HTTP/1.1" 200 13304
2023-01-17 18:20:37,368 django.server INFO     "GET /static/admin/img/search.svg HTTP/1.1" 200 458
2023-01-17 18:20:37,374 django.server INFO     "GET /admin/jsi18n/ HTTP/1.1" 200 3343
2023-01-17 18:20:37,393 django.server INFO     "GET /static/admin/img/icon-no.svg HTTP/1.1" 200 560
2023-01-17 18:20:40,205 django.server INFO     "GET /admin/django_celery_beat/periodictask/add/ HTTP/1.1" 200 27565
2023-01-17 18:20:40,291 django.server INFO     "GET /static/admin/js/collapse.js HTTP/1.1" 200 1803
2023-01-17 18:20:40,298 django.server INFO     "GET /admin/jsi18n/ HTTP/1.1" 200 3343
2023-01-17 18:20:40,358 django.server INFO     "GET /static/admin/img/icon-viewlink.svg HTTP/1.1" 200 581
2023-01-17 18:21:17,495 django.server INFO     "POST /admin/django_celery_beat/periodictask/add/ HTTP/1.1" 200 27814
2023-01-17 18:21:17,593 django.server INFO     "GET /admin/jsi18n/ HTTP/1.1" 200 3343
2023-01-17 18:21:26,026 django.server INFO     "POST /admin/django_celery_beat/periodictask/add/ HTTP/1.1" 302 0
2023-01-17 18:21:26,067 django.server INFO     "GET /admin/django_celery_beat/periodictask/ HTTP/1.1" 200 14189
2023-01-17 18:21:26,193 django.server INFO     "GET /admin/jsi18n/ HTTP/1.1" 200 3343
2023-01-17 18:22:10,547 django.utils.autoreload INFO     /home/leader/news-parser/parsers/tasks.py changed, reloading.
2023-01-17 18:22:11,483 django.utils.autoreload INFO     Watching for file changes with StatReloader
2023-01-17 18:24:47,615 django.server INFO     "GET /admin/django_celery_beat/periodictask/ HTTP/1.1" 200 13972
2023-01-17 18:24:47,740 django.server INFO     "GET /admin/jsi18n/ HTTP/1.1" 200 3343
2023-01-18 19:44:48,464 django.utils.autoreload INFO     Watching for file changes with StatReloader
2023-01-18 19:45:03,531 django.server INFO     "GET /admin/ HTTP/1.1" 302 0
2023-01-18 19:45:03,567 django.server INFO     "GET /admin/login/?next=/admin/ HTTP/1.1" 200 2222
2023-01-18 19:45:03,720 django.server INFO     "GET /static/admin/css/base.css HTTP/1.1" 304 0
2023-01-18 19:45:03,720 django.server INFO     "GET /static/admin/css/nav_sidebar.css HTTP/1.1" 304 0
2023-01-18 19:45:03,722 django.server INFO     "GET /static/admin/css/login.css HTTP/1.1" 304 0
2023-01-18 19:45:03,726 django.server INFO     "GET /static/admin/css/responsive.css HTTP/1.1" 304 0
2023-01-18 19:45:03,729 django.server INFO     "GET /static/admin/css/dark_mode.css HTTP/1.1" 304 0
2023-01-18 19:45:03,748 django.server INFO     "GET /static/admin/js/nav_sidebar.js HTTP/1.1" 304 0
2023-01-18 19:45:03,765 django.server INFO     "GET /static/admin/css/fonts.css HTTP/1.1" 200 423
2023-01-18 19:45:03,905 django.server INFO     "GET /static/admin/fonts/Roboto-Light-webfont.woff HTTP/1.1" 200 85692
2023-01-18 19:45:03,907 django.server INFO     "GET /static/admin/fonts/Roboto-Regular-webfont.woff HTTP/1.1" 200 85876
2023-01-18 19:45:03,989 django.request WARNING  Not Found: /favicon.ico
2023-01-18 19:45:03,990 django.server WARNING  "GET /favicon.ico HTTP/1.1" 404 2108
2023-01-18 19:45:05,348 django.server INFO     "POST /admin/login/?next=/admin/ HTTP/1.1" 200 2384
2023-01-18 19:45:05,477 django.server INFO     "GET /static/admin/fonts/Roboto-Bold-webfont.woff HTTP/1.1" 200 86184
2023-01-18 19:45:07,710 django.server INFO     "POST /admin/login/?next=/admin/ HTTP/1.1" 302 0
2023-01-18 19:45:07,750 django.server INFO     "GET /admin/ HTTP/1.1" 200 7659
2023-01-18 19:45:07,852 django.server INFO     "GET /static/admin/css/dashboard.css HTTP/1.1" 304 0
2023-01-18 19:45:07,902 django.server INFO     "GET /static/admin/img/icon-addlink.svg HTTP/1.1" 304 0
2023-01-18 19:45:07,907 django.server INFO     "GET /static/admin/img/icon-changelink.svg HTTP/1.1" 304 0
2023-01-18 19:45:10,573 django.server INFO     "GET /admin/django_celery_beat/periodictask/ HTTP/1.1" 200 13972
2023-01-18 19:45:10,647 django.server INFO     "GET /static/admin/css/changelists.css HTTP/1.1" 304 0
2023-01-18 19:45:10,654 django.server INFO     "GET /static/admin/js/core.js HTTP/1.1" 304 0
2023-01-18 19:45:10,656 django.server INFO     "GET /static/admin/js/jquery.init.js HTTP/1.1" 304 0
2023-01-18 19:45:10,658 django.server INFO     "GET /static/admin/js/vendor/jquery/jquery.js HTTP/1.1" 200 288580
2023-01-18 19:45:10,666 django.server INFO     "GET /admin/jsi18n/ HTTP/1.1" 200 3343
2023-01-18 19:45:10,670 django.server INFO     "GET /static/admin/js/vendor/xregexp/xregexp.js HTTP/1.1" 200 232381
2023-01-18 19:45:10,674 django.server INFO     "GET /static/admin/js/admin/RelatedObjectLookups.js HTTP/1.1" 304 0
2023-01-18 19:45:10,676 django.server INFO     "GET /static/admin/js/actions.js HTTP/1.1" 304 0
2023-01-18 19:45:10,679 django.server INFO     "GET /static/admin/js/prepopulate.js HTTP/1.1" 304 0
2023-01-18 19:45:10,680 django.server INFO     "GET /static/admin/js/urlify.js HTTP/1.1" 304 0
2023-01-18 19:45:10,743 django.server INFO     "GET /static/admin/js/filters.js HTTP/1.1" 304 0
2023-01-18 19:45:10,747 django.server INFO     "GET /static/admin/img/search.svg HTTP/1.1" 304 0
2023-01-18 19:45:10,756 django.server INFO     "GET /static/admin/img/icon-yes.svg HTTP/1.1" 304 0
2023-01-18 19:45:10,760 django.server INFO     "GET /static/admin/img/icon-no.svg HTTP/1.1" 304 0
2023-01-18 19:45:10,771 django.server INFO     "GET /static/admin/img/tooltag-add.svg HTTP/1.1" 304 0
2023-01-18 19:51:30,012 django.utils.autoreload INFO     /home/leader/news-parser/parsers/models.py changed, reloading.
2023-01-18 19:51:30,792 django.utils.autoreload INFO     Watching for file changes with StatReloader
2023-01-18 19:51:34,071 django.utils.autoreload INFO     /home/leader/news-parser/parsers/models.py changed, reloading.
2023-01-18 19:51:34,622 django.utils.autoreload INFO     Watching for file changes with StatReloader
2023-01-18 19:51:39,805 django.utils.autoreload INFO     /home/leader/news-parser/parsers/models.py changed, reloading.
2023-01-18 19:51:40,417 django.utils.autoreload INFO     Watching for file changes with StatReloader
2023-01-18 19:51:42,685 django.utils.autoreload INFO     /home/leader/news-parser/parsers/models.py changed, reloading.
2023-01-18 19:51:43,388 django.utils.autoreload INFO     Watching for file changes with StatReloader
2023-01-18 19:51:45,635 django.utils.autoreload INFO     /home/leader/news-parser/parsers/models.py changed, reloading.
2023-01-18 19:51:46,309 django.utils.autoreload INFO     Watching for file changes with StatReloader
2023-01-18 19:52:07,639 django.utils.autoreload INFO     Watching for file changes with StatReloader
2023-01-18 19:53:29,644 django.utils.autoreload INFO     /home/leader/news-parser/parsers/models.py changed, reloading.
2023-01-18 19:53:30,207 django.utils.autoreload INFO     Watching for file changes with StatReloader
2023-01-18 19:53:59,550 django.utils.autoreload INFO     /home/leader/news-parser/parsers/models.py changed, reloading.
2023-01-18 19:54:00,205 django.utils.autoreload INFO     Watching for file changes with StatReloader
2023-01-18 19:57:25,236 django.server INFO     "GET /admin/parsers/newslinks/ HTTP/1.1" 200 7413
2023-01-18 19:57:25,333 django.server INFO     "GET /admin/jsi18n/ HTTP/1.1" 200 3343
2023-01-18 19:57:27,023 django.server INFO     "GET /admin/parsers/newslinks/ HTTP/1.1" 200 7413
2023-01-18 19:57:27,082 django.server INFO     "GET /admin/jsi18n/ HTTP/1.1" 200 3343
2023-01-18 19:58:09,032 django.server INFO     "GET /admin/parsers/newslinks/ HTTP/1.1" 200 7413
2023-01-18 19:58:09,124 django.server INFO     "GET /admin/jsi18n/ HTTP/1.1" 200 3343
2023-01-18 19:58:10,354 django.server INFO     "GET /admin/parsers/newslinks/ HTTP/1.1" 200 7413
2023-01-18 19:58:10,442 django.server INFO     "GET /admin/jsi18n/ HTTP/1.1" 200 3343
2023-01-18 19:58:20,020 django.server INFO     "GET /admin/parsers/newslinks/ HTTP/1.1" 200 9443
2023-01-18 19:58:20,075 django.server INFO     "GET /admin/jsi18n/ HTTP/1.1" 200 3343
2023-01-18 19:58:21,983 django.server INFO     "GET /admin/parsers/newslinks/1/change/ HTTP/1.1" 200 13142
2023-01-18 19:58:22,069 django.server INFO     "GET /static/admin/css/forms.css HTTP/1.1" 304 0
2023-01-18 19:58:22,072 django.server INFO     "GET /static/admin/js/calendar.js HTTP/1.1" 304 0
2023-01-18 19:58:22,081 django.server INFO     "GET /static/admin/js/admin/DateTimeShortcuts.js HTTP/1.1" 304 0
2023-01-18 19:58:22,081 django.server INFO     "GET /admin/jsi18n/ HTTP/1.1" 200 3343
2023-01-18 19:58:22,082 django.server INFO     "GET /static/admin/js/prepopulate_init.js HTTP/1.1" 304 0
2023-01-18 19:58:22,113 django.server INFO     "GET /static/admin/css/widgets.css HTTP/1.1" 304 0
2023-01-18 19:58:22,138 django.server INFO     "GET /static/admin/js/change_form.js HTTP/1.1" 304 0
2023-01-18 19:58:22,246 django.server INFO     "GET /static/admin/img/icon-calendar.svg HTTP/1.1" 304 0
2023-01-18 19:58:22,247 django.server INFO     "GET /static/admin/img/icon-clock.svg HTTP/1.1" 304 0
2023-01-18 19:58:37,251 django.server INFO     "GET /admin/parsers/newslinks/ HTTP/1.1" 200 9443
2023-01-18 19:59:09,648 django.utils.autoreload INFO     /home/leader/news-parser/parsers/models.py changed, reloading.
2023-01-18 19:59:10,370 django.utils.autoreload INFO     Watching for file changes with StatReloader
2023-01-18 19:59:12,643 django.utils.autoreload INFO     /home/leader/news-parser/parsers/models.py changed, reloading.
2023-01-18 19:59:13,160 django.utils.autoreload INFO     Watching for file changes with StatReloader
2023-01-18 19:59:45,524 django.utils.autoreload INFO     /home/leader/news-parser/parsers/models.py changed, reloading.
2023-01-18 19:59:46,149 django.utils.autoreload INFO     Watching for file changes with StatReloader
2023-01-18 19:59:49,416 django.utils.autoreload INFO     /home/leader/news-parser/parsers/models.py changed, reloading.
2023-01-18 19:59:50,116 django.utils.autoreload INFO     Watching for file changes with StatReloader
